{"/Users/omidashtari/Documents/LambdaLabs/quick-street-be/routes/orders-router.js": {"path":"/Users/omidashtari/Documents/LambdaLabs/quick-street-be/routes/orders-router.js","statementMap":{"0":{"start":{"line":1,"column":16},"end":{"line":1,"column":34}},"1":{"start":{"line":2,"column":15},"end":{"line":2,"column":34}},"2":{"start":{"line":3,"column":15},"end":{"line":3,"column":49}},"3":{"start":{"line":4,"column":18},"end":{"line":4,"column":54}},"4":{"start":{"line":6,"column":17},"end":{"line":6,"column":50}},"5":{"start":{"line":7,"column":15},"end":{"line":7,"column":31}},"6":{"start":{"line":12,"column":0},"end":{"line":20,"column":3}},"7":{"start":{"line":13,"column":2},"end":{"line":19,"column":7}},"8":{"start":{"line":15,"column":6},"end":{"line":15,"column":23}},"9":{"start":{"line":18,"column":6},"end":{"line":18,"column":20}},"10":{"start":{"line":24,"column":0},"end":{"line":33,"column":3}},"11":{"start":{"line":25,"column":13},"end":{"line":25,"column":30}},"12":{"start":{"line":26,"column":2},"end":{"line":32,"column":7}},"13":{"start":{"line":28,"column":6},"end":{"line":28,"column":21}},"14":{"start":{"line":31,"column":6},"end":{"line":31,"column":20}},"15":{"start":{"line":37,"column":0},"end":{"line":47,"column":3}},"16":{"start":{"line":39,"column":16},"end":{"line":39,"column":24}},"17":{"start":{"line":40,"column":2},"end":{"line":46,"column":7}},"18":{"start":{"line":42,"column":6},"end":{"line":42,"column":34}},"19":{"start":{"line":45,"column":6},"end":{"line":45,"column":29}},"20":{"start":{"line":49,"column":0},"end":{"line":49,"column":24}}},"fnMap":{"0":{"name":"(anonymous_0)","decl":{"start":{"line":12,"column":26},"end":{"line":12,"column":27}},"loc":{"start":{"line":12,"column":40},"end":{"line":20,"column":1}},"line":12},"1":{"name":"(anonymous_1)","decl":{"start":{"line":14,"column":10},"end":{"line":14,"column":11}},"loc":{"start":{"line":14,"column":20},"end":{"line":16,"column":5}},"line":14},"2":{"name":"(anonymous_2)","decl":{"start":{"line":17,"column":11},"end":{"line":17,"column":12}},"loc":{"start":{"line":17,"column":18},"end":{"line":19,"column":5}},"line":17},"3":{"name":"(anonymous_3)","decl":{"start":{"line":24,"column":28},"end":{"line":24,"column":29}},"loc":{"start":{"line":24,"column":42},"end":{"line":33,"column":1}},"line":24},"4":{"name":"(anonymous_4)","decl":{"start":{"line":27,"column":10},"end":{"line":27,"column":11}},"loc":{"start":{"line":27,"column":20},"end":{"line":29,"column":5}},"line":27},"5":{"name":"(anonymous_5)","decl":{"start":{"line":30,"column":11},"end":{"line":30,"column":12}},"loc":{"start":{"line":30,"column":20},"end":{"line":32,"column":5}},"line":30},"6":{"name":"(anonymous_6)","decl":{"start":{"line":37,"column":33},"end":{"line":37,"column":34}},"loc":{"start":{"line":37,"column":47},"end":{"line":47,"column":1}},"line":37},"7":{"name":"(anonymous_7)","decl":{"start":{"line":41,"column":10},"end":{"line":41,"column":11}},"loc":{"start":{"line":41,"column":19},"end":{"line":43,"column":5}},"line":41},"8":{"name":"(anonymous_8)","decl":{"start":{"line":44,"column":11},"end":{"line":44,"column":12}},"loc":{"start":{"line":44,"column":18},"end":{"line":46,"column":5}},"line":44}},"branchMap":{},"s":{"0":15,"1":15,"2":15,"3":15,"4":15,"5":15,"6":15,"7":2,"8":2,"9":0,"10":15,"11":2,"12":2,"13":2,"14":0,"15":15,"16":0,"17":0,"18":0,"19":0,"20":15},"f":{"0":2,"1":2,"2":0,"3":2,"4":2,"5":0,"6":0,"7":0,"8":0},"b":{},"_coverageSchema":"1a1c01bbd47fc00a2c39e90264f33305004495a9","hash":"d34018636aedbd5d176ba3cd2a6dffc5ec94e735"}
}
