{"/Users/omidashtari/Documents/LambdaLabs/quick-street-be/api/server.js": {"path":"/Users/omidashtari/Documents/LambdaLabs/quick-street-be/api/server.js","statementMap":{"0":{"start":{"line":1,"column":16},"end":{"line":1,"column":34}},"1":{"start":{"line":2,"column":13},"end":{"line":2,"column":28}},"2":{"start":{"line":3,"column":15},"end":{"line":3,"column":32}},"3":{"start":{"line":4,"column":15},"end":{"line":4,"column":32}},"4":{"start":{"line":5,"column":21},"end":{"line":5,"column":45}},"5":{"start":{"line":6,"column":19},"end":{"line":6,"column":51}},"6":{"start":{"line":7,"column":21},"end":{"line":7,"column":55}},"7":{"start":{"line":8,"column":23},"end":{"line":8,"column":59}},"8":{"start":{"line":9,"column":20},"end":{"line":9,"column":53}},"9":{"start":{"line":10,"column":21},"end":{"line":10,"column":55}},"10":{"start":{"line":11,"column":23},"end":{"line":11,"column":59}},"11":{"start":{"line":12,"column":21},"end":{"line":12,"column":62}},"12":{"start":{"line":24,"column":15},"end":{"line":24,"column":24}},"13":{"start":{"line":26,"column":0},"end":{"line":26,"column":19}},"14":{"start":{"line":27,"column":0},"end":{"line":27,"column":21}},"15":{"start":{"line":28,"column":0},"end":{"line":28,"column":31}},"16":{"start":{"line":29,"column":0},"end":{"line":29,"column":27}},"17":{"start":{"line":30,"column":0},"end":{"line":30,"column":27}},"18":{"start":{"line":32,"column":0},"end":{"line":32,"column":36}},"19":{"start":{"line":33,"column":0},"end":{"line":33,"column":41}},"20":{"start":{"line":34,"column":0},"end":{"line":34,"column":45}},"21":{"start":{"line":35,"column":0},"end":{"line":35,"column":38}},"22":{"start":{"line":36,"column":0},"end":{"line":36,"column":40}},"23":{"start":{"line":37,"column":0},"end":{"line":37,"column":44}},"24":{"start":{"line":38,"column":0},"end":{"line":38,"column":40}},"25":{"start":{"line":53,"column":0},"end":{"line":58,"column":3}},"26":{"start":{"line":54,"column":2},"end":{"line":54,"column":17}},"27":{"start":{"line":55,"column":2},"end":{"line":57,"column":4}},"28":{"start":{"line":60,"column":0},"end":{"line":65,"column":3}},"29":{"start":{"line":61,"column":2},"end":{"line":61,"column":19}},"30":{"start":{"line":62,"column":2},"end":{"line":64,"column":5}},"31":{"start":{"line":67,"column":0},"end":{"line":67,"column":24}}},"fnMap":{"0":{"name":"(anonymous_0)","decl":{"start":{"line":53,"column":20},"end":{"line":53,"column":21}},"loc":{"start":{"line":53,"column":34},"end":{"line":58,"column":1}},"line":53},"1":{"name":"(anonymous_1)","decl":{"start":{"line":60,"column":11},"end":{"line":60,"column":12}},"loc":{"start":{"line":60,"column":36},"end":{"line":65,"column":1}},"line":60}},"branchMap":{},"s":{"0":1,"1":1,"2":1,"3":1,"4":1,"5":1,"6":1,"7":1,"8":1,"9":1,"10":1,"11":1,"12":1,"13":1,"14":1,"15":1,"16":1,"17":1,"18":1,"19":1,"20":1,"21":1,"22":1,"23":1,"24":1,"25":1,"26":0,"27":0,"28":1,"29":0,"30":0,"31":1},"f":{"0":0,"1":0},"b":{},"_coverageSchema":"1a1c01bbd47fc00a2c39e90264f33305004495a9","hash":"0f46c8c70a543fdcc388bbd08c421e90adb8f0a2"}
,"/Users/omidashtari/Documents/LambdaLabs/quick-street-be/data/db-config.js": {"path":"/Users/omidashtari/Documents/LambdaLabs/quick-street-be/data/db-config.js","statementMap":{"0":{"start":{"line":1,"column":13},"end":{"line":1,"column":28}},"1":{"start":{"line":3,"column":17},"end":{"line":3,"column":42}},"2":{"start":{"line":5,"column":12},"end":{"line":5,"column":49}},"3":{"start":{"line":6,"column":22},"end":{"line":6,"column":35}},"4":{"start":{"line":8,"column":0},"end":{"line":8,"column":37}}},"fnMap":{},"branchMap":{"0":{"loc":{"start":{"line":5,"column":12},"end":{"line":5,"column":49}},"type":"binary-expr","locations":[{"start":{"line":5,"column":12},"end":{"line":5,"column":32}},{"start":{"line":5,"column":36},"end":{"line":5,"column":49}}],"line":5}},"s":{"0":1,"1":1,"2":1,"3":1,"4":1},"f":{},"b":{"0":[1,0]},"_coverageSchema":"1a1c01bbd47fc00a2c39e90264f33305004495a9","hash":"abe583e03de1d05332454f8e742442ae158652e0"}
,"/Users/omidashtari/Documents/LambdaLabs/quick-street-be/models/orders-models.js": {"path":"/Users/omidashtari/Documents/LambdaLabs/quick-street-be/models/orders-models.js","statementMap":{"0":{"start":{"line":1,"column":11},"end":{"line":1,"column":39}},"1":{"start":{"line":3,"column":0},"end":{"line":8,"column":2}},"2":{"start":{"line":12,"column":2},"end":{"line":18,"column":31}},"3":{"start":{"line":22,"column":2},"end":{"line":22,"column":36}},"4":{"start":{"line":26,"column":2},"end":{"line":26,"column":39}},"5":{"start":{"line":30,"column":2},"end":{"line":30,"column":34}}},"fnMap":{"0":{"name":"findBy","decl":{"start":{"line":11,"column":9},"end":{"line":11,"column":15}},"loc":{"start":{"line":11,"column":24},"end":{"line":19,"column":1}},"line":11},"1":{"name":"getOrderById","decl":{"start":{"line":21,"column":9},"end":{"line":21,"column":21}},"loc":{"start":{"line":21,"column":30},"end":{"line":23,"column":1}},"line":21},"2":{"name":"addOrder","decl":{"start":{"line":25,"column":9},"end":{"line":25,"column":17}},"loc":{"start":{"line":25,"column":28},"end":{"line":27,"column":1}},"line":25},"3":{"name":"getOrders","decl":{"start":{"line":29,"column":9},"end":{"line":29,"column":18}},"loc":{"start":{"line":29,"column":21},"end":{"line":31,"column":1}},"line":29}},"branchMap":{},"s":{"0":1,"1":1,"2":0,"3":0,"4":0,"5":0},"f":{"0":0,"1":0,"2":0,"3":0},"b":{},"_coverageSchema":"1a1c01bbd47fc00a2c39e90264f33305004495a9","hash":"abac74ba681dba190408f20662c5de8aa201de68"}
}
