TN:
SF:api/server.js
FN:53,(anonymous_0)
FN:60,(anonymous_1)
FNF:2
FNH:0
FNDA:0,(anonymous_0)
FNDA:0,(anonymous_1)
DA:1,4
DA:2,4
DA:3,4
DA:4,4
DA:5,4
DA:6,4
DA:7,4
DA:8,4
DA:9,4
DA:10,4
DA:11,4
DA:12,4
DA:24,4
DA:26,4
DA:27,4
DA:28,4
DA:29,4
DA:30,4
DA:32,4
DA:33,4
DA:34,4
DA:35,4
DA:36,4
DA:37,4
DA:38,4
DA:53,4
DA:54,0
DA:55,0
DA:60,4
DA:61,0
DA:62,0
DA:67,4
LF:32
LH:28
BRF:0
BRH:0
end_of_record
TN:
SF:data/db-config.js
FNF:0
FNH:0
DA:1,4
DA:3,4
DA:5,4
DA:6,4
DA:8,4
LF:5
LH:5
BRDA:5,0,0,4
BRDA:5,0,1,0
BRF:2
BRH:1
end_of_record
TN:
SF:routes/customer-router.js
FN:8,(anonymous_0)
FN:10,(anonymous_1)
FN:13,(anonymous_2)
FN:19,(anonymous_3)
FN:22,(anonymous_4)
FN:25,(anonymous_5)
FN:30,(anonymous_6)
FN:33,(anonymous_7)
FN:36,(anonymous_8)
FN:41,(anonymous_9)
FN:46,(anonymous_10)
FN:49,(anonymous_11)
FN:54,(anonymous_12)
FN:57,(anonymous_13)
FN:62,(anonymous_14)
FN:67,(anonymous_15)
FN:73,(anonymous_16)
FN:76,(anonymous_17)
FN:81,(anonymous_18)
FN:85,(anonymous_19)
FN:90,(anonymous_20)
FN:97,(anonymous_21)
FN:100,(anonymous_22)
FN:103,(anonymous_23)
FN:110,(anonymous_24)
FN:116,(anonymous_25)
FN:119,(anonymous_26)
FNF:27
FNH:4
FNDA:0,(anonymous_0)
FNDA:0,(anonymous_1)
FNDA:0,(anonymous_2)
FNDA:1,(anonymous_3)
FNDA:1,(anonymous_4)
FNDA:0,(anonymous_5)
FNDA:1,(anonymous_6)
FNDA:1,(anonymous_7)
FNDA:0,(anonymous_8)
FNDA:0,(anonymous_9)
FNDA:0,(anonymous_10)
FNDA:0,(anonymous_11)
FNDA:0,(anonymous_12)
FNDA:0,(anonymous_13)
FNDA:0,(anonymous_14)
FNDA:0,(anonymous_15)
FNDA:0,(anonymous_16)
FNDA:0,(anonymous_17)
FNDA:0,(anonymous_18)
FNDA:0,(anonymous_19)
FNDA:0,(anonymous_20)
FNDA:0,(anonymous_21)
FNDA:0,(anonymous_22)
FNDA:0,(anonymous_23)
FNDA:0,(anonymous_24)
FNDA:0,(anonymous_25)
FNDA:0,(anonymous_26)
DA:1,4
DA:2,4
DA:4,4
DA:5,4
DA:8,4
DA:9,0
DA:11,0
DA:14,0
DA:19,4
DA:20,1
DA:21,1
DA:23,1
DA:26,0
DA:30,4
DA:31,1
DA:32,1
DA:34,1
DA:37,0
DA:41,4
DA:42,0
DA:43,0
DA:45,0
DA:47,0
DA:50,0
DA:54,4
DA:55,0
DA:56,0
DA:58,0
DA:63,0
DA:67,4
DA:68,0
DA:69,0
DA:70,0
DA:72,0
DA:74,0
DA:77,0
DA:81,4
DA:82,0
DA:83,0
DA:84,0
DA:86,0
DA:91,0
DA:97,4
DA:98,0
DA:99,0
DA:101,0
DA:104,0
DA:110,4
DA:111,0
DA:112,0
DA:115,0
DA:117,0
DA:120,0
DA:124,4
LF:54
LH:20
BRF:0
BRH:0
end_of_record
TN:
SF:routes/orders-router.js
FN:11,(anonymous_0)
FN:13,(anonymous_1)
FN:16,(anonymous_2)
FN:23,(anonymous_3)
FN:26,(anonymous_4)
FN:29,(anonymous_5)
FN:36,(anonymous_6)
FN:40,(anonymous_7)
FN:43,(anonymous_8)
FNF:9
FNH:0
FNDA:0,(anonymous_0)
FNDA:0,(anonymous_1)
FNDA:0,(anonymous_2)
FNDA:0,(anonymous_3)
FNDA:0,(anonymous_4)
FNDA:0,(anonymous_5)
FNDA:0,(anonymous_6)
FNDA:0,(anonymous_7)
FNDA:0,(anonymous_8)
DA:1,4
DA:2,4
DA:3,4
DA:4,4
DA:6,4
DA:7,4
DA:11,4
DA:12,0
DA:14,0
DA:17,0
DA:23,4
DA:24,0
DA:25,0
DA:27,0
DA:30,0
DA:36,4
DA:38,0
DA:39,0
DA:41,0
DA:44,0
DA:48,4
LF:21
LH:10
BRF:0
BRH:0
end_of_record
TN:
SF:routes/posts-router.js
FN:10,(anonymous_0)
FN:12,(anonymous_1)
FN:15,(anonymous_2)
FN:21,(anonymous_3)
FN:25,(anonymous_4)
FN:28,(anonymous_5)
FN:34,(anonymous_6)
FN:37,(anonymous_7)
FN:40,(anonymous_8)
FN:46,(anonymous_9)
FN:50,(anonymous_10)
FN:53,(anonymous_11)
FN:60,(anonymous_12)
FN:64,(anonymous_13)
FN:67,(anonymous_14)
FNF:15
FNH:4
FNDA:1,(anonymous_0)
FNDA:1,(anonymous_1)
FNDA:0,(anonymous_2)
FNDA:0,(anonymous_3)
FNDA:0,(anonymous_4)
FNDA:0,(anonymous_5)
FNDA:1,(anonymous_6)
FNDA:1,(anonymous_7)
FNDA:0,(anonymous_8)
FNDA:0,(anonymous_9)
FNDA:0,(anonymous_10)
FNDA:0,(anonymous_11)
FNDA:0,(anonymous_12)
FNDA:0,(anonymous_13)
FNDA:0,(anonymous_14)
DA:1,4
DA:2,4
DA:3,4
DA:5,4
DA:6,4
DA:10,4
DA:11,1
DA:13,1
DA:16,0
DA:21,4
DA:22,0
DA:23,0
DA:26,0
DA:29,0
DA:34,4
DA:35,1
DA:36,1
DA:38,1
DA:41,0
DA:46,4
DA:47,0
DA:48,0
DA:49,0
DA:51,0
DA:54,0
DA:60,4
DA:61,0
DA:63,0
DA:65,0
DA:68,0
DA:106,4
LF:31
LH:16
BRF:0
BRH:0
end_of_record
TN:
SF:routes/users-router.js
FN:9,(anonymous_0)
FN:11,(anonymous_1)
FN:14,(anonymous_2)
FN:20,(anonymous_3)
FN:23,(anonymous_4)
FN:26,(anonymous_5)
FN:32,(anonymous_6)
FN:36,(anonymous_7)
FN:39,(anonymous_8)
FNF:9
FNH:0
FNDA:0,(anonymous_0)
FNDA:0,(anonymous_1)
FNDA:0,(anonymous_2)
FNDA:0,(anonymous_3)
FNDA:0,(anonymous_4)
FNDA:0,(anonymous_5)
FNDA:0,(anonymous_6)
FNDA:0,(anonymous_7)
FNDA:0,(anonymous_8)
DA:1,1
DA:2,1
DA:3,1
DA:5,1
DA:6,1
DA:9,1
DA:10,0
DA:12,0
DA:15,0
DA:20,1
DA:21,0
DA:22,0
DA:24,0
DA:27,0
DA:32,1
DA:33,0
DA:34,0
DA:35,0
DA:37,0
DA:40,0
DA:45,1
LF:21
LH:9
BRF:0
BRH:0
end_of_record
