TN:
SF:routes/orders-router.js
FN:12,(anonymous_0)
FN:14,(anonymous_1)
FN:17,(anonymous_2)
FN:24,(anonymous_3)
FN:27,(anonymous_4)
FN:30,(anonymous_5)
FN:37,(anonymous_6)
FN:41,(anonymous_7)
FN:44,(anonymous_8)
FNF:9
FNH:4
FNDA:2,(anonymous_0)
FNDA:2,(anonymous_1)
FNDA:0,(anonymous_2)
FNDA:2,(anonymous_3)
FNDA:2,(anonymous_4)
FNDA:0,(anonymous_5)
FNDA:0,(anonymous_6)
FNDA:0,(anonymous_7)
FNDA:0,(anonymous_8)
DA:1,15
DA:2,15
DA:3,15
DA:4,15
DA:6,15
DA:7,15
DA:12,15
DA:13,2
DA:15,2
DA:18,0
DA:24,15
DA:25,2
DA:26,2
DA:28,2
DA:31,0
DA:37,15
DA:39,0
DA:40,0
DA:42,0
DA:45,0
DA:49,15
LF:21
LH:15
BRF:0
BRH:0
end_of_record
